2018-10-29 08:16:02.941941 anil GET /taskmanager/taskboard/
2018-10-29 09:14:31.462217 anil GET /taskmanager/edittask/7/
2018-10-29 09:15:02.109706 anil GET /taskmanager/edittask/7/
2018-10-29 09:15:06.820200 anil GET /taskmanager/edittask/7/
2018-10-29 09:15:29.673424 anil GET /taskmanager/edittask/7/
2018-10-29 09:15:42.524686 anil POST /taskmanager/edittask/7/
2018-10-29 09:15:42.564278 anil GET /taskmanager/taskboard/
2018-10-29 09:17:44.662708 anil GET /taskmanager/logout/
2018-10-29 09:17:46.045128 AnonymousUser GET /taskmanager/login/
2018-10-29 09:17:55.191914 AnonymousUser POST /taskmanager/login/
2018-10-29 09:17:55.269345 john GET /taskmanager/profile/3/
2018-10-29 09:17:57.454744 john GET /taskmanager/taskboard/
2018-10-29 09:18:03.047156 john GET /taskmanager/assigntask/
2018-10-29 11:31:04.212837 john GET /taskmanager/taskboard/
2018-10-29 11:31:10.237873 john GET /taskmanager/logout/
2018-10-29 11:31:12.302155 AnonymousUser GET /taskmanager/login/
2018-10-29 11:31:29.574759 AnonymousUser POST /taskmanager/login/
2018-10-29 11:31:29.662266 john GET /taskmanager/profile/3/
2018-10-29 11:31:34.391083 john GET /taskmanager/taskboard/
2018-10-29 11:32:11.851615 john GET /taskmanager/taskboard/
2018-10-29 11:32:42.705420 john GET /taskmanager/assigntask/
2018-10-29 11:34:14.900326 john GET /taskmanager/taskboard/
2018-10-29 11:34:19.053507 john GET /taskmanager/taskboard/
2018-10-29 11:36:06.184612 john GET /todo/
2018-10-29 11:36:08.164894 john GET /admin/
2018-10-29 11:36:08.185919 john GET /admin/login/
2018-10-29 11:36:08.422358 john GET /admin/
2018-10-29 11:36:08.458212 john GET /admin/login/
2018-10-29 11:36:17.210920 john POST /admin/login/
2018-10-29 11:36:17.329114 dell GET /admin/
2018-10-29 11:36:21.272332 dell GET /admin/todo/task/
2018-10-29 11:36:21.347682 dell GET /admin/jsi18n/
2018-10-29 11:36:25.501610 dell GET /admin/todo/task/6/change/
2018-10-29 11:36:25.562159 dell GET /admin/jsi18n/
2018-10-29 11:36:31.534616 dell GET /admin/todo/task/
2018-10-29 11:37:58.603012 dell GET /taskmanager/logout/
2018-10-29 11:37:59.690785 AnonymousUser GET /taskmanager/login/
2018-10-29 11:38:08.001333 AnonymousUser POST /taskmanager/login/
2018-10-29 11:38:08.082127 anil GET /taskmanager/profile/2/
2018-10-29 11:38:09.561479 anil GET /taskmanager/taskboard/
2018-10-29 11:38:47.044727 anil GET /taskmanager/taskboard/
2018-10-29 11:38:58.796461 anil GET /taskmanager/edittask/7/
2018-10-29 11:41:02.065649 anil GET /taskmanager/taskboard/
2018-10-29 11:41:04.474464 anil GET /taskmanager/edittask/7/
2018-10-29 11:41:38.259420 anil GET /taskmanager/edittask/7/
2018-10-29 11:41:42.515234 anil GET /taskmanager/taskboard/
2018-10-29 11:41:43.016032 anil GET /taskmanager/taskboard/
2018-10-29 11:41:43.278388 anil GET /taskmanager/taskboard/
2018-10-29 11:42:09.631636 anil GET /taskmanager/taskboard/
2018-10-29 11:42:30.235558 anil GET /taskmanager/taskboard/
2018-10-29 11:42:32.634219 anil GET /taskmanager/taskboard/
2018-10-29 11:42:34.399972 anil GET /taskmanager/deletetask/7/
2018-10-29 11:44:53.642174 anil GET /taskmanager/taskboard/
2018-10-29 11:45:12.784072 anil GET /taskmanager/logout/
2018-10-29 11:45:13.890473 AnonymousUser GET /taskmanager/login/
2018-10-29 11:45:23.844640 AnonymousUser POST /taskmanager/login/
2018-10-29 11:45:23.916918 john GET /taskmanager/profile/3/
2018-10-29 11:45:25.901778 john GET /taskmanager/taskboard/
2018-10-29 11:45:28.745889 john GET /taskmanager/assigntask/
2018-10-29 11:45:40.416760 john POST /taskmanager/assigntask/
2018-10-29 11:45:40.453508 john GET /taskmanager/profile/3/
2018-10-29 11:45:42.252485 john GET /taskmanager/taskboard/
2018-10-29 11:45:50.050228 john GET /taskmanager/logout/
2018-10-29 11:45:52.128805 AnonymousUser GET /taskmanager/login/
2018-10-29 11:46:02.505917 AnonymousUser POST /taskmanager/login/
2018-10-29 11:46:02.594807 anil GET /taskmanager/profile/2/
2018-10-29 11:46:03.883492 anil GET /taskmanager/taskboard/
2018-10-29 11:46:11.020288 anil GET /taskmanager/logout/
2018-10-29 11:46:13.842132 AnonymousUser GET /taskmanager/login/
2018-10-29 11:46:24.523265 AnonymousUser POST /taskmanager/login/
2018-10-29 11:46:24.607145 john GET /taskmanager/profile/3/
2018-10-29 11:46:27.151469 john GET /taskmanager/taskboard/
2018-10-29 11:46:29.468472 john GET /taskmanager/edittask/12/
2018-10-29 11:46:32.716793 john GET /taskmanager/deletetask/12/
2018-10-29 11:46:32.745517 john GET /taskmanager/taskboard/
2018-10-29 11:46:55.440727 john GET /taskmanager/logout/
2018-10-29 11:46:57.620070 AnonymousUser GET /taskmanager/login/
2018-10-29 11:47:06.311386 AnonymousUser POST /taskmanager/login/
2018-10-29 11:47:06.388354 anil GET /taskmanager/profile/2/
2018-10-29 11:47:08.696769 anil GET /taskmanager/taskboard/
2018-10-29 11:47:28.758820 anil GET /taskmanager/logout/
2018-10-29 11:47:31.448619 AnonymousUser GET /taskmanager/login/
2018-10-29 11:47:45.512639 AnonymousUser POST /taskmanager/login/
2018-10-29 11:47:45.599666 john GET /taskmanager/profile/3/
2018-10-29 11:47:46.864131 john GET /taskmanager/taskboard/
2018-10-29 11:47:57.999160 john GET /taskmanager/assigntask/
2018-10-29 11:48:10.294924 john POST /taskmanager/assigntask/
2018-10-29 11:48:10.333637 john GET /taskmanager/profile/3/
2018-10-29 11:48:15.900271 john GET /taskmanager/logout/
2018-10-29 11:48:17.287962 AnonymousUser GET /taskmanager/login/
2018-10-29 11:48:28.825100 AnonymousUser POST /taskmanager/login/
2018-10-29 11:48:28.897378 anil GET /taskmanager/profile/2/
2018-10-29 11:48:30.802386 anil GET /taskmanager/taskboard/
2018-10-29 11:48:35.931389 anil GET /taskmanager/assigntask/
2018-10-29 11:48:54.514634 anil POST /taskmanager/assigntask/
2018-10-29 11:48:54.533683 anil GET /taskmanager/profile/2/
2018-10-29 11:48:56.092096 anil GET /taskmanager/taskboard/
2018-10-29 11:49:01.726204 anil GET /taskmanager/logout/
2018-10-29 11:49:02.852263 AnonymousUser GET /taskmanager/login/
2018-10-29 11:49:14.284743 AnonymousUser POST /taskmanager/login/
2018-10-29 11:49:14.359082 john GET /taskmanager/profile/3/
2018-10-29 11:49:15.825277 john GET /taskmanager/taskboard/
2018-10-29 11:49:19.344319 john GET /taskmanager/deletetask/13/
2018-10-29 11:49:19.373113 john GET /taskmanager/taskboard/
2018-10-29 11:49:25.284861 john GET /taskmanager/logout/
2018-10-29 11:49:28.431442 AnonymousUser GET /taskmanager/login/
2018-10-29 11:49:31.742953 AnonymousUser GET /taskmanager/
2018-10-29 11:49:41.974744 AnonymousUser GET /taskmanager/
2018-10-29 11:51:46.948117 AnonymousUser POST /taskmanager/
2018-10-29 11:51:47.053033 AnonymousUser GET /taskmanager/registered/
2018-10-29 11:51:53.060302 AnonymousUser GET /taskmanager/login/
2018-10-29 11:52:06.195421 AnonymousUser POST /taskmanager/login/
2018-10-29 12:57:03.767312 AnonymousUser GET /taskmanager/
2018-10-29 15:47:25.667968 AnonymousUser GET /taskmanager/
2018-10-29 15:47:58.814865 AnonymousUser POST /taskmanager/
2018-10-29 15:47:58.913879 AnonymousUser GET /taskmanager/registered/
2018-10-29 15:48:02.465279 AnonymousUser GET /taskmanager/login/
2018-10-29 15:48:14.730408 AnonymousUser POST /taskmanager/login/
2018-10-29 15:48:25.459889 AnonymousUser GET /taskmanager/logout/
2018-10-29 15:48:25.919691 AnonymousUser GET /taskmanager/logout/
2018-10-29 15:48:28.320071 AnonymousUser GET /taskmanager/login/
2018-10-29 15:48:37.529196 AnonymousUser POST /taskmanager/login/
2018-10-29 15:48:37.610472 pradeep GET /taskmanager/profile/1/
2018-10-29 15:48:44.849303 pradeep GET /taskmanager/approve/13/
2018-10-29 15:48:48.020997 pradeep GET /taskmanager/logout/
2018-10-29 15:48:49.299930 AnonymousUser GET /taskmanager/login/
2018-10-29 15:49:10.490699 AnonymousUser POST /taskmanager/login/
2018-10-29 15:49:18.926696 AnonymousUser POST /taskmanager/login/
2018-10-29 15:49:18.997749 suryaprakash GET /taskmanager/profile/12/
2018-10-29 15:49:22.334643 suryaprakash GET /taskmanager/taskboard/
2018-10-29 15:49:27.560051 suryaprakash GET /taskmanager/assigntask/
2018-10-29 15:50:36.524715 suryaprakash POST /taskmanager/assigntask/
2018-10-29 15:50:36.558338 suryaprakash GET /taskmanager/profile/12/
2018-10-29 15:50:39.076325 suryaprakash GET /taskmanager/logout/
2018-10-29 15:50:41.231783 AnonymousUser GET /taskmanager/login/
2018-10-29 15:50:52.428898 AnonymousUser POST /taskmanager/login/
2018-10-29 15:50:52.513167 anil GET /taskmanager/profile/2/
2018-10-29 15:50:54.800711 anil GET /taskmanager/taskboard/
2018-10-29 15:51:19.764013 anil GET /taskmanager/edittask/14/
2018-10-29 15:52:05.048656 anil GET /taskmanager/taskboard/
2018-10-29 15:52:09.167170 anil GET /taskmanager/assigntask/
2018-10-29 16:20:56.962739 anil GET /taskmanager/profile/2/
2018-10-29 16:20:57.958493 anil GET /taskmanager/profile/2/
2018-10-29 16:21:05.995474 anil GET /taskmanager/taskboard/
2018-10-29 16:21:26.676141 anil GET /taskmanager/taskboard/
2018-10-29 16:21:30.043470 anil GET /taskmanager/assign/
2018-10-29 16:29:17.662663 anil GET /taskmanager/profile/2/
2018-10-29 16:29:19.453510 anil GET /taskmanager/logout/
2018-10-29 16:29:20.722014 AnonymousUser GET /taskmanager/login/
2018-10-29 16:29:30.959784 AnonymousUser POST /taskmanager/login/
2018-10-29 16:29:31.039693 pradeep GET /taskmanager/profile/1/
2018-10-29 18:31:37.421954 pradeep GET /taskmanager/taskboard/
2018-10-29 18:32:44.055381 pradeep GET /taskmanager/assign/
2018-10-29 18:32:46.952255 pradeep GET /taskmanager/taskboard/
2018-10-29 18:48:50.870988 pradeep GET /taskmanager/
2018-10-29 18:49:27.337340 pradeep GET /taskmanager/
2018-10-30 06:45:13.816038 pradeep GET /taskmanager/
2018-10-30 07:17:01.173389 pradeep GET /taskmanager/taskboard/
2018-10-30 07:17:19.207824 pradeep GET /taskmanager/profile/
2018-10-30 07:17:34.458042 pradeep GET /taskmanager/login/
2018-10-30 07:17:34.495740 pradeep GET /taskmanager/profile/1/
2018-10-30 07:17:38.371989 pradeep GET /taskmanager/assign/
2018-10-30 07:40:41.594590 pradeep GET /taskmanager/logout/
2018-10-30 07:40:49.747938 AnonymousUser GET /taskmanager//
2018-10-30 07:40:52.521658 AnonymousUser GET /taskmanager/
2018-10-30 07:41:14.999331 AnonymousUser POST /taskmanager/
2018-10-30 07:42:00.920359 AnonymousUser POST /taskmanager/
2018-10-30 07:42:01.014874 AnonymousUser GET /taskmanager/registered/
2018-10-30 07:42:22.035273 AnonymousUser GET /todo/
2018-10-30 07:42:24.667858 AnonymousUser GET /admin/
2018-10-30 07:42:24.686694 AnonymousUser GET /admin/login/
2018-10-30 07:42:25.000870 AnonymousUser GET /admin/
2018-10-30 07:42:25.022700 AnonymousUser GET /admin/login/
2018-10-30 07:42:40.943664 AnonymousUser POST /admin/login/
2018-10-30 07:42:50.364462 AnonymousUser POST /admin/login/
2018-10-30 07:42:50.455053 dell GET /admin/
2018-10-30 07:42:54.045764 dell GET /admin/auth/user/
2018-10-30 07:42:54.156608 dell GET /admin/jsi18n/
2018-10-30 07:43:30.984956 dell GET /admin/auth/user/
2018-10-30 07:43:31.091819 dell GET /admin/jsi18n/
2018-10-30 07:43:38.491045 dell POST /admin/auth/user/
2018-10-30 07:43:40.365094 dell POST /admin/auth/user/
2018-10-30 07:43:40.418597 dell GET /admin/auth/user/
2018-10-30 07:43:40.484470 dell GET /admin/jsi18n/
2018-10-30 07:44:57.103344 dell GET /taskmanager/
2018-10-30 08:08:06.383001 dell GET /taskmanager/
2018-10-30 08:08:07.198850 dell GET /taskmanager/
2018-10-30 08:08:23.740299 dell POST /taskmanager/
2018-10-30 08:09:42.597620 dell POST /taskmanager/
2018-10-30 08:11:21.340428 dell GET /taskmanager/login/
2018-10-30 08:12:23.803957 dell GET /taskmanager/login/
2018-10-30 08:12:32.941968 dell GET /taskmanager/login/
2018-10-30 08:12:37.802934 dell POST /taskmanager/
2018-10-30 08:12:41.009711 dell GET /taskmanager/
2018-10-30 08:12:43.113945 dell GET /taskmanager/login/
2018-10-30 08:13:56.590164 dell GET /taskmanager/login/
2018-10-30 08:14:45.128924 dell GET /taskmanager/login/
2018-10-30 08:15:06.858132 dell GET /taskmanager/login/
2018-10-30 08:15:16.794063 dell GET /taskmanager/login/
2018-10-30 08:16:47.497444 dell GET /taskmanager/login/
2018-10-30 08:16:54.827627 dell GET /taskmanager/login/
2018-10-30 08:24:12.131216 dell GET /taskmanager/login/
2018-10-30 08:24:22.313922 dell POST /taskmanager/login/
2018-10-30 08:24:22.393133 anil GET /taskmanager/profile/2/
2018-10-30 08:24:27.296617 anil GET /taskmanager/login/
2018-10-30 08:25:34.750369 anil GET /taskmanager/login/
2018-10-30 08:25:34.770283 anil GET /taskmanager/profile/2/
2018-10-30 08:25:38.575805 anil GET /taskmanager/login/
2018-10-30 08:25:39.721625 anil GET /taskmanager/profile/2/
2018-10-30 08:25:46.995237 anil GET /taskmanager/logout/
2018-10-30 08:25:48.256058 AnonymousUser GET /taskmanager/login/
2018-10-30 08:25:51.155407 AnonymousUser GET /taskmanager/
2018-10-30 08:25:55.267470 AnonymousUser GET /taskmanager/login/
2018-10-30 08:26:11.429624 AnonymousUser GET /taskmanager/
2018-10-30 08:26:32.286943 AnonymousUser POST /taskmanager/
2018-10-30 08:26:35.406924 AnonymousUser GET /taskmanager/login/
2018-10-30 08:26:49.723915 AnonymousUser GET /taskmanager/login/
2018-10-30 08:28:22.202656 AnonymousUser GET /taskmanager/
2018-10-30 08:28:23.789484 AnonymousUser GET /taskmanager/login/
2018-10-30 08:28:27.479773 AnonymousUser GET /taskmanager/login/
2018-10-30 08:28:37.837900 AnonymousUser POST /taskmanager/login/
2018-10-30 08:28:37.911727 anil GET /taskmanager/profile/2/
2018-10-30 08:28:39.497134 anil GET /taskmanager/logout/
2018-10-30 08:28:42.629222 AnonymousUser GET /taskmanager/login/
2018-10-30 08:31:42.439324 AnonymousUser GET /taskmanager/login/
2018-10-30 08:31:43.276422 AnonymousUser GET /taskmanager/login/
2018-10-30 08:31:44.722998 AnonymousUser GET /taskmanager/
2018-10-30 08:31:51.652140 AnonymousUser GET /taskmanager/login/
2018-10-30 08:32:30.983585 AnonymousUser GET /taskmanager/logout/
2018-10-30 08:32:31.158222 AnonymousUser GET /taskmanager/logout/
2018-10-30 08:32:33.003173 AnonymousUser GET /taskmanager/login/
2018-10-30 08:33:38.773513 AnonymousUser GET /taskmanager/login/
2018-10-30 08:34:01.748239 AnonymousUser GET /taskmanager/login/
2018-10-30 08:35:09.608825 AnonymousUser POST /taskmanager/login/
2018-10-30 09:29:11.352885 AnonymousUser POST /taskmanager/login/
2018-10-30 09:33:22.921791 AnonymousUser POST /taskmanager/login/
2018-10-30 09:33:36.666048 AnonymousUser POST /taskmanager/login/
2018-10-30 09:44:43.047398 AnonymousUser POST /taskmanager/login/
2018-10-30 09:44:50.613273 AnonymousUser POST /taskmanager/login/
2018-10-30 09:45:14.246170 AnonymousUser POST /taskmanager/login/
2018-10-30 09:45:21.457726 AnonymousUser POST /taskmanager/login/
2018-10-30 09:45:30.548037 AnonymousUser POST /taskmanager/login/
2018-10-30 09:45:30.643035 anil GET /taskmanager/profile/2/
2018-10-30 09:45:32.438521 anil GET /taskmanager/logout/
2018-10-30 09:47:17.700653 AnonymousUser GET /taskmanager/login/
2018-10-30 09:47:24.660449 AnonymousUser POST /taskmanager/login/
2018-10-30 09:47:37.135641 AnonymousUser POST /taskmanager/login/
2018-10-30 09:47:37.221196 anil GET /taskmanager/profile/2/
2018-10-30 09:47:39.349683 anil GET /taskmanager/taskboard/
2018-10-30 09:47:44.407484 anil GET /taskmanager/assign/
2018-10-30 09:50:36.094742 anil GET /taskmanager/logout/
2018-10-30 09:50:37.296028 AnonymousUser GET /taskmanager/login/
2018-10-30 09:50:45.397871 AnonymousUser POST /taskmanager/login/
2018-10-30 09:50:51.841756 AnonymousUser GET /taskmanager/login/
2018-10-30 09:50:56.061452 AnonymousUser POST /taskmanager/login/
2018-10-30 09:50:56.150444 anil GET /taskmanager/profile/2/
2018-10-30 09:50:57.484496 anil GET /taskmanager/logout/
2018-10-30 09:56:16.567054 AnonymousUser GET /taskmanager/login/
2018-10-30 09:56:18.466621 AnonymousUser GET /taskmanager/
2018-10-30 09:56:23.920497 AnonymousUser GET /taskmanager/taskboard/
2018-10-30 09:56:23.933487 AnonymousUser GET /taskmanager/login/
2018-10-30 09:59:55.638426 AnonymousUser POST /taskmanager/login/
2018-10-30 09:59:55.721187 anil GET /taskmanager/profile/2/
2018-10-30 10:00:00.574489 anil GET /taskmanager/assign/
2018-10-30 10:00:07.312108 anil GET /taskmanager/logout/
